<?xml version="1.0" encoding="UTF-8"?>
<testsuites>
  <testsuite name="Software Integration Tests" tests="73" failures="0" errors="0" skipped="0" time="0.000">
    <testcase classname="Integration" name="TC-INT-1-001: Actuator HAL Initialization" time="0.000">
    </testcase>
    <testcase classname="Integration" name="TC-INT-1-002: Actuator HAL Motor Control" time="0.000">
    </testcase>
    <testcase classname="Integration" name="TC-INT-1-003: Actuator HAL Lock Control" time="0.000">
    </testcase>
    <testcase classname="Integration" name="TC-INT-1-004: Sensor HAL Initialization" time="0.000">
    </testcase>
    <testcase classname="Integration" name="TC-INT-1-005: Sensor HAL Position Reading" time="0.000">
    </testcase>
    <testcase classname="Integration" name="TC-INT-1-006: Sensor HAL Obstacle Detection" time="0.000">
    </testcase>
    <testcase classname="Integration" name="TC-INT-1-007: Sensor HAL Speed Reading" time="0.000">
    </testcase>
    <testcase classname="Integration" name="TC-INT-1-008: Communication HAL Initialization" time="0.000">
    </testcase>
    <testcase classname="Integration" name="TC-INT-1-009: Communication HAL CAN Transmit" time="0.000">
    </testcase>
    <testcase classname="Integration" name="TC-INT-1-010: Communication HAL CAN Receive" time="0.000">
    </testcase>
    <testcase classname="Integration" name="TC-INT-1-011: HAL Layer Combined Operation" time="4.000">
    </testcase>
    <testcase classname="Integration" name="TC-INT-2-001: Door FSM + Actuator HAL Integration" time="2.150">
    </testcase>
    <testcase classname="Integration" name="TC-INT-2-002: Door FSM + Sensor HAL Position Feedback" time="4294964.246">
    </testcase>
    <testcase classname="Integration" name="TC-INT-2-003: Safety Monitor + Sensor HAL Speed Interlock" time="4294964.396">
    </testcase>
    <testcase classname="Integration" name="TC-INT-2-004: Safety Monitor + Communication HAL Speed Data" time="4294967.146">
    </testcase>
    <testcase classname="Integration" name="TC-INT-2-005: Door FSM + Safety Monitor Interlock" time="4294967.246">
    </testcase>
    <testcase classname="Integration" name="TC-INT-2-006: Door FSM + Sensor HAL Obstacle Detection" time="3.150">
    </testcase>
    <testcase classname="Integration" name="TC-INT-2-007: Fault Detection + Door FSM Integration" time="2.350">
    </testcase>
    <testcase classname="Integration" name="TC-INT-2-008: Fault Detection + Sensor HAL Integration" time="4294961.796">
    </testcase>
    <testcase classname="Integration" name="TC-INT-2-009: Safety Monitor Watchdog Integration" time="0.400">
    </testcase>
    <testcase classname="Integration" name="TC-INT-3-001: Command Processor + Door FSM Integration" time="4294966.916">
    </testcase>
    <testcase classname="Integration" name="TC-INT-3-002: Command Processor + Communication HAL Integration" time="0.000">
    </testcase>
    <testcase classname="Integration" name="TC-INT-3-003: Status Reporter + Door FSM Integration" time="3.180">
    </testcase>
    <testcase classname="Integration" name="TC-INT-3-004: Status Reporter + Fault Detection Integration" time="4294964.196">
    </testcase>
    <testcase classname="Integration" name="TC-INT-3-005: Status Reporter + Communication HAL Integration" time="4294967.246">
    </testcase>
    <testcase classname="Integration" name="TC-INT-3-006: End-to-End Command-to-Status Flow" time="3.070">
    </testcase>
    <testcase classname="Integration" name="TC-INT-4-001: Complete System Functional Test" time="6.880">
    </testcase>
    <testcase classname="Integration" name="TC-INT-4-002: System Stress Test" time="4294959.296">
    </testcase>
    <testcase classname="Integration" name="TC-INT-4-003: System Recovery Test" time="4294965.296">
    </testcase>
    <testcase classname="Integration" name="TC-INT-PERF-001: Main Control Loop Timing" time="50.000">
    </testcase>
    <testcase classname="Integration" name="TC-INT-PERF-002: Obstacle Reaction Time" time="4294917.346">
    </testcase>
    <testcase classname="Integration" name="TC-INT-PERF-003: CAN Message Latency" time="4294967.246">
    </testcase>
    <testcase classname="Integration" name="TC-INT-PERF-004: Watchdog Refresh Timing" time="0.500">
    </testcase>
    <testcase classname="Integration" name="TC-INT-PERF-005: Door Operation Timing" time="4.750">
    </testcase>
    <testcase classname="Integration" name="TC-INT-PERF-006: CPU Load Measurement" time="0.000">
    </testcase>
    <testcase classname="Integration" name="TC-INT-PERF-007: Memory Usage Measurement" time="0.000">
    </testcase>
    <testcase classname="Integration" name="TC-INT-PERF-008: CAN Bus Bandwidth Utilization" time="4.750">
    </testcase>
    <testcase classname="Integration" name="TC-INT-SAF-001: Speed Interlock During Door Opening" time="4294957.396">
    </testcase>
    <testcase classname="Integration" name="TC-INT-SAF-002: Speed Interlock Lock Engagement" time="0.050">
    </testcase>
    <testcase classname="Integration" name="TC-INT-SAF-003: Obstacle Detection During Closing" time="4.350">
    </testcase>
    <testcase classname="Integration" name="TC-INT-SAF-004: Repeated Obstacle Detection" time="4294963.296">
    </testcase>
    <testcase classname="Integration" name="TC-INT-SAF-005: Emergency Release Override" time="4294966.846">
    </testcase>
    <testcase classname="Integration" name="TC-INT-SAF-006: Sensor Fault Safe State" time="4294967.246">
    </testcase>
    <testcase classname="Integration" name="TC-INT-SAF-007: Watchdog Timeout Safe State" time="0.000">
    </testcase>
    <testcase classname="Integration" name="TC-INT-SAF-008: Motor Stall Fault Detection" time="5.500">
    </testcase>
    <testcase classname="Integration" name="TC-INT-SAF-009: HAL Error Propagation to Application" time="4294961.796">
    </testcase>
    <testcase classname="Integration" name="TC-INT-SAF-010: Safety Monitor Fault Injection" time="0.200">
    </testcase>
    <testcase classname="Integration" name="TC-INT-SAF-011: Speed Threshold Boundary Test 1" time="4294967.096">
    </testcase>
    <testcase classname="Integration" name="TC-INT-SAF-012: Speed Threshold Boundary Test 2" time="0.000">
    </testcase>
    <testcase classname="Integration" name="TC-INT-SAF-013: Speed Threshold Boundary Test 3" time="0.000">
    </testcase>
    <testcase classname="Integration" name="TC-INT-SAF-014: Obstacle Sensor Fault Test" time="0.000">
    </testcase>
    <testcase classname="Integration" name="TC-INT-SAF-015: Position Sensor Fault Test" time="0.000">
    </testcase>
    <testcase classname="Integration" name="TC-INT-SAF-016: Emergency Handle Both Sides" time="0.000">
    </testcase>
    <testcase classname="Integration" name="TC-INT-SAF-017: Lock Failure Detection" time="0.000">
    </testcase>
    <testcase classname="Integration" name="TC-INT-SAF-018: Motor Overcurrent Protection" time="0.000">
    </testcase>
    <testcase classname="Integration" name="TC-INT-SAF-019: CAN Bus Fault Handling" time="0.000">
    </testcase>
    <testcase classname="Integration" name="TC-INT-SAF-020: Redundant Speed Sensor Disagreement" time="0.000">
    </testcase>
    <testcase classname="Integration" name="TC-INT-SAF-021: Safe State Entry Time" time="0.000">
    </testcase>
    <testcase classname="Integration" name="TC-INT-SAF-022: Safe State Persistence" time="0.000">
    </testcase>
    <testcase classname="Integration" name="TC-INT-SAF-023: Fault Recovery Verification" time="0.000">
    </testcase>
    <testcase classname="Integration" name="TC-INT-SAF-024: Multiple Simultaneous Faults" time="0.000">
    </testcase>
    <testcase classname="Integration" name="TC-INT-SAF-025: Speed Change During Door Motion" time="0.000">
    </testcase>
    <testcase classname="Integration" name="TC-INT-SAF-026: Obstacle Persistence Test" time="0.000">
    </testcase>
    <testcase classname="Integration" name="TC-INT-SAF-027: Emergency Release Timing" time="0.000">
    </testcase>
    <testcase classname="Integration" name="TC-INT-SAF-028: Lock Re-engagement After Speed Decrease" time="0.000">
    </testcase>
    <testcase classname="Integration" name="TC-INT-SAF-029: Position Sensor Plausibility Check" time="0.000">
    </testcase>
    <testcase classname="Integration" name="TC-INT-SAF-030: Speed Sensor Timeout Handling" time="0.000">
    </testcase>
    <testcase classname="Integration" name="TC-INT-SAF-031: Watchdog Refresh Failure" time="0.000">
    </testcase>
    <testcase classname="Integration" name="TC-INT-SAF-032: Control Loop Overrun Detection" time="0.000">
    </testcase>
    <testcase classname="Integration" name="TC-INT-SAF-033: CAN Message Loss Detection" time="0.000">
    </testcase>
    <testcase classname="Integration" name="TC-INT-SAF-034: Invalid CAN Data Handling" time="0.000">
    </testcase>
    <testcase classname="Integration" name="TC-INT-SAF-035: Fault Log Overflow" time="0.000">
    </testcase>
    <testcase classname="Integration" name="TC-INT-SAF-036: System Degradation Mode" time="0.000">
    </testcase>
  </testsuite>
</testsuites>
